<?xml version="1.0" encoding="UTF-8"?>
<!-- Generated by org.testng.reporters.JUnitReportReporter -->
<testsuite skipped="0" hostname="DESKTOP-KVV1592" name="classPractice.ClickLogin" tests="1" failures="0" timestamp="09 Jan 2019 17:11:56 GMT" time="27.226" errors="0">
  <testcase name="login" time="27.226" classname="classPractice.ClickLogin"/>
</testsuite> <!-- classPractice.ClickLogin -->
