<?xml version="1.0" encoding="UTF-8"?>
<!-- Generated by org.testng.reporters.JUnitReportReporter -->
<testsuite skipped="0" hostname="DESKTOP-KVV1592" name="rough.SelPrac" tests="1" failures="0" timestamp="03 Jan 2019 06:06:17 GMT" time="0.084" errors="0">
  <testcase name="openBrowser" time="0.084" classname="rough.SelPrac"/>
</testsuite> <!-- rough.SelPrac -->
