<?xml version="1.0" encoding="UTF-8"?>
<!-- Generated by org.testng.reporters.JUnitReportReporter -->
<testsuite skipped="0" hostname="DESKTOP-KVV1592" name="makeMyTripAutomate.SelectDropDownOpt" tests="1" failures="0" timestamp="09 Jan 2019 08:55:02 GMT" time="19.748" errors="0">
  <testcase name="selectDropDownVal" time="19.748" classname="makeMyTripAutomate.SelectDropDownOpt"/>
</testsuite> <!-- makeMyTripAutomate.SelectDropDownOpt -->
